<?xml version="1.0" encoding="UTF-8"?>
<!-- Generated by org.testng.reporters.JUnitReportReporter -->
<testsuite hostname="DESKTOP-I0P8L0L" name="mentor.naukri" tests="1" failures="0" timestamp="7 Jun 2022 06:45:13 GMT" time="8.168" errors="0">
  <testcase name="testcase1" time="8.168" classname="mentor.naukri"/>
</testsuite> <!-- mentor.naukri -->
